<?xml version="1.0" encoding="UTF-8"?>
<testsuite name="Ejercicio2Test" tests="1" skipped="0" failures="1" errors="0" timestamp="2026-05-06T15:06:28" hostname="213-07" time="0.111">
  <properties/>
  <testcase name="no debe permitir depositos negativos()" classname="Ejercicio2Test" time="0.111">
    <failure message="org.opentest4j.AssertionFailedError: expected: &lt;1000.0&gt; but was: &lt;900.0&gt;" type="org.opentest4j.AssertionFailedError">org.opentest4j.AssertionFailedError: expected: &lt;1000.0&gt; but was: &lt;900.0&gt;
	at app//org.junit.jupiter.api.AssertionFailureBuilder.build(AssertionFailureBuilder.java:151)
	at app//org.junit.jupiter.api.AssertionFailureBuilder.buildAndThrow(AssertionFailureBuilder.java:132)
	at app//org.junit.jupiter.api.AssertEquals.failNotEqual(AssertEquals.java:197)
	at app//org.junit.jupiter.api.AssertEquals.assertEquals(AssertEquals.java:182)
	at app//org.junit.jupiter.api.Assertions.assertEquals(Assertions.java:1156)
	at app//kotlin.test.junit5.JUnit5Asserter.assertEquals(JUnitSupport.kt:32)
	at app//kotlin.test.AssertionsKt__AssertionsKt.assertEquals(Assertions.kt:63)
	at app//kotlin.test.AssertionsKt.assertEquals(Unknown Source)
	at app//kotlin.test.AssertionsKt__AssertionsKt.assertEquals$default(Assertions.kt:62)
	at app//kotlin.test.AssertionsKt.assertEquals$default(Unknown Source)
	at app//Ejercicio2Test.no debe permitir depositos negativos(Ejercicio2Test.kt:95)
	at java.base@21.0.10/java.lang.reflect.Method.invoke(Method.java:580)
	at java.base@21.0.10/java.util.ArrayList.forEach(ArrayList.java:1596)
	at java.base@21.0.10/java.util.ArrayList.forEach(ArrayList.java:1596)
</failure>
  </testcase>
  <system-out><![CDATA[]]></system-out>
  <system-err><![CDATA[]]></system-err>
</testsuite>
